<!DOCTYPE html PUBLIC "-//W3C//DTD XHTML 1.1//EN" "https://www.w3.org/TR/xhtml11/DTD/xhtml11.dtd">
<html xmlns="https://www.w3.org/1999/xhtml">
<head>
<meta http-equiv="content-type" content="text/html; charset=UTF-8"/>
<title>TestNG Report</title>
<style type="text/css">table {margin-bottom:10px;border-collapse:collapse;empty-cells:show}th,td {border:1px solid #009;padding:.25em .5em}th {vertical-align:bottom}td {vertical-align:top}table a {font-weight:bold}.stripe td {background-color: #E6EBF9}.num {text-align:right}.passedodd td {background-color: #3F3}.passedeven td {background-color: #0A0}.skippedodd td {background-color: #DDD}.skippedeven td {background-color: #CCC}.failedodd td,.attn {background-color: #F33}.failedeven td,.stripe .attn {background-color: #D00}.stacktrace {white-space:pre;font-family:monospace}.totop {font-size:85%;text-align:center;border-bottom:2px solid #000}.invisible {display:none}</style>
</head>
<body>
<table>
<tr><th>Test</th><th># Passed</th><th># Skipped</th><th># Retried</th><th># Failed</th><th>Time (ms)</th><th>Included Groups</th><th>Excluded Groups</th></tr>
<tr><th colspan="8">Suite</th></tr>
<tr><td><a href="#t0">Test</a></td><td class="num">6</td><td class="num">0</td><td class="num">0</td><td class="num attn">2</td><td class="num">77,132</td><td></td><td></td></tr>
</table>
<table id='summary'><thead><tr><th>Class</th><th>Method</th><th>Start</th><th>Time (ms)</th></tr></thead><tbody><tr><th colspan="4">Suite</th></tr></tbody><tbody id="t0"><tr><th colspan="4">Test &#8212; failed</th></tr><tr class="failedeven"><td rowspan="1">com.cjc.dws.webApp.tests.CompleteOrderTest</td><td><a href="#m0">orderTest</a></td><td rowspan="1">1667565430276</td><td rowspan="1">4636</td></tr><tr class="failedodd"><td rowspan="1">com.cjc.dws.webApp.tests.RegistrationPageTest</td><td><a href="#m1">gettingRegister</a></td><td rowspan="1">1667565387396</td><td rowspan="1">2378</td></tr><tr><th colspan="4">Test &#8212; passed</th></tr><tr class="passedeven"><td rowspan="2">com.cjc.dws.webApp.tests.BookPageTest</td><td><a href="#m2">addTheBook</a></td><td rowspan="1">1667565411256</td><td rowspan="1">186</td></tr><tr class="passedeven"><td><a href="#m3">booksLogoDisplayed</a></td><td rowspan="1">1667565420985</td><td rowspan="1">73</td></tr><tr class="passedodd"><td rowspan="2">com.cjc.dws.webApp.tests.HomePageTest</td><td><a href="#m4">checkLogo</a></td><td rowspan="1">1667565395203</td><td rowspan="1">144</td></tr><tr class="passedodd"><td><a href="#m5">clickOnLogin</a></td><td rowspan="1">1667565400544</td><td rowspan="1">827</td></tr><tr class="passedeven"><td rowspan="1">com.cjc.dws.webApp.tests.SignOnTest</td><td><a href="#m6">userLogin</a></td><td rowspan="1">1667565377655</td><td rowspan="1">1341</td></tr><tr class="passedodd"><td rowspan="1">com.cjc.dws.webApp.tests.UserHomePageTest</td><td><a href="#m7">checkDesiredUserLoggedIn</a></td><td rowspan="1">1667565371398</td><td rowspan="1">118</td></tr></tbody>
</table>
<h2>Test</h2><h3 id="m0">com.cjc.dws.webApp.tests.CompleteOrderTest#orderTest</h3><table class="result"><tr><th>Exception</th></tr><tr><td><div class="stacktrace">org.openqa.selenium.ElementClickInterceptedException: element click intercepted: Element &lt;span class=&quot;cart-label&quot;&gt;...&lt;/span&gt; is not clickable at point (999, 7). Other element would receive the click: &lt;div id=&quot;bar-notification&quot; class=&quot;bar-notification success&quot; style=&quot;display: block;&quot;&gt;...&lt;/div&gt;
  (Session info: chrome=107.0.5304.88)
Build info: version: &apos;4.4.0&apos;, revision: &apos;e5c75ed026a&apos;
System info: host: &apos;DESKTOP-H9JGRTT&apos;, ip: &apos;192.168.1.143&apos;, os.name: &apos;Windows 10&apos;, os.arch: &apos;amd64&apos;, os.version: &apos;10.0&apos;, java.version: &apos;11.0.15.1&apos;
Driver info: org.openqa.selenium.chrome.ChromeDriver
Command: [448b324b2aedbf500ac88858c44ff737, clickElement {id=83f6d0bf-6f5c-4d73-a5c5-7bd7fe29ebe8}]
Capabilities {acceptInsecureCerts: false, browserName: chrome, browserVersion: 107.0.5304.88, chrome: {chromedriverVersion: 107.0.5304.62 (1eec40d3a576..., userDataDir: C:\Users\Savi\AppData\Local...}, goog:chromeOptions: {debuggerAddress: localhost:64169}, networkConnectionEnabled: false, pageLoadStrategy: normal, platformName: WINDOWS, proxy: Proxy(), se:cdp: ws://localhost:64169/devtoo..., se:cdpVersion: 107.0.5304.88, setWindowRect: true, strictFileInteractability: false, timeouts: {implicit: 0, pageLoad: 300000, script: 30000}, unhandledPromptBehavior: dismiss and notify, webauthn:extension:credBlob: true, webauthn:extension:largeBlob: true, webauthn:virtualAuthenticators: true}
Element: [[ChromeDriver: chrome on WINDOWS (448b324b2aedbf500ac88858c44ff737)] -&gt; xpath: //*[@id=&quot;topcartlink&quot;]/a/span[1]]
Session ID: 448b324b2aedbf500ac88858c44ff737
	at org.openqa.selenium.remote.codec.w3c.W3CHttpResponseCodec.createException(W3CHttpResponseCodec.java:200)
	at org.openqa.selenium.remote.codec.w3c.W3CHttpResponseCodec.decode(W3CHttpResponseCodec.java:133)
	at org.openqa.selenium.remote.codec.w3c.W3CHttpResponseCodec.decode(W3CHttpResponseCodec.java:53)
	at org.openqa.selenium.remote.HttpCommandExecutor.execute(HttpCommandExecutor.java:184)
	at org.openqa.selenium.remote.service.DriverCommandExecutor.invokeExecute(DriverCommandExecutor.java:167)
	at org.openqa.selenium.remote.service.DriverCommandExecutor.execute(DriverCommandExecutor.java:142)
	at org.openqa.selenium.remote.RemoteWebDriver.execute(RemoteWebDriver.java:547)
	at org.openqa.selenium.remote.RemoteWebElement.execute(RemoteWebElement.java:257)
	at org.openqa.selenium.remote.RemoteWebElement.click(RemoteWebElement.java:78)
	at org.openqa.selenium.support.pagefactory.internal.LocatingElementHandler.invoke(LocatingElementHandler.java:52)
	at com.sun.proxy.$Proxy17.click(Unknown Source)
	at com.cjc.dws.webApp.pages.UserHomePage.clickOnShoppingCart(UserHomePage.java:51)
	at com.cjc.dws.webApp.tests.CompleteOrderTest.orderTest(CompleteOrderTest.java:57)
	at java.base/java.util.ArrayList.forEach(ArrayList.java:1541)
... Removed 34 stack frames</div></td></tr></table><p class="totop"><a href="#summary">back to summary</a></p>
<h3 id="m1">com.cjc.dws.webApp.tests.RegistrationPageTest#gettingRegister</h3><table class="result"><tr class="param"><th>Parameter #1</th></tr><tr class="param stripe"><td>&lt;xml-fragment r=&quot;1&quot; spans=&quot;1:6&quot; x14ac:dyDescent=&quot;0.25&quot; xmlns:r=&quot;http://schemas.openxmlformats.org/officeDocument/2006/relationships&quot; xmlns:mc=&quot;http://schemas.openxmlformats.org/markup-compatibility/2006&quot; xmlns:x14ac=&quot;http://schemas.microsoft.com/office/spreadsheetml/2009/9/ac&quot; xmlns:main=&quot;http://schemas.openxmlformats.org/spreadsheetml/2006/main&quot;&gt;
  &lt;main:c r=&quot;A1&quot; t=&quot;s&quot;&gt;
    &lt;main:v&gt;0&lt;/main:v&gt;
  &lt;/main:c&gt;
  &lt;main:c r=&quot;B1&quot; t=&quot;s&quot;&gt;
    &lt;main:v&gt;1&lt;/main:v&gt;
  &lt;/main:c&gt;
  &lt;main:c r=&quot;C1&quot; t=&quot;s&quot;&gt;
    &lt;main:v&gt;2&lt;/main:v&gt;
  &lt;/main:c&gt;
  &lt;main:c r=&quot;D1&quot; t=&quot;s&quot;&gt;
    &lt;main:v&gt;3&lt;/main:v&gt;
  &lt;/main:c&gt;
  &lt;main:c r=&quot;E1&quot; t=&quot;s&quot;&gt;
    &lt;main:v&gt;4&lt;/main:v&gt;
  &lt;/main:c&gt;
  &lt;main:c r=&quot;F1&quot; t=&quot;s&quot;&gt;
    &lt;main:v&gt;4&lt;/main:v&gt;
  &lt;/main:c&gt;
&lt;/xml-fragment&gt;</td></tr><tr><th>Exception</th></tr><tr><td><div class="stacktrace">java.lang.AssertionError: expected [true] but found [false]
	at com.cjc.dws.webApp.tests.RegistrationPageTest.gettingRegister(RegistrationPageTest.java:67)
	at java.base/java.util.ArrayList.forEach(ArrayList.java:1541)
... Removed 33 stack frames</div></td></tr></table><p class="totop"><a href="#summary">back to summary</a></p>
<h3 id="m2">com.cjc.dws.webApp.tests.BookPageTest#addTheBook</h3><table class="result"><tr><th class="invisible"/></tr></table><p class="totop"><a href="#summary">back to summary</a></p>
<h3 id="m3">com.cjc.dws.webApp.tests.BookPageTest#booksLogoDisplayed</h3><table class="result"><tr><th class="invisible"/></tr></table><p class="totop"><a href="#summary">back to summary</a></p>
<h3 id="m4">com.cjc.dws.webApp.tests.HomePageTest#checkLogo</h3><table class="result"><tr><th class="invisible"/></tr></table><p class="totop"><a href="#summary">back to summary</a></p>
<h3 id="m5">com.cjc.dws.webApp.tests.HomePageTest#clickOnLogin</h3><table class="result"><tr><th class="invisible"/></tr></table><p class="totop"><a href="#summary">back to summary</a></p>
<h3 id="m6">com.cjc.dws.webApp.tests.SignOnTest#userLogin</h3><table class="result"><tr><th class="invisible"/></tr></table><p class="totop"><a href="#summary">back to summary</a></p>
<h3 id="m7">com.cjc.dws.webApp.tests.UserHomePageTest#checkDesiredUserLoggedIn</h3><table class="result"><tr><th class="invisible"/></tr></table><p class="totop"><a href="#summary">back to summary</a></p>
</body>
</html>
