<?xml version="1.0" encoding="UTF-8"?>
<testng-results ignored="0" total="8" passed="6" failed="2" skipped="0">
  <reporter-output>
  </reporter-output>
  <suite started-at="2022-11-04T18:05:57 IST" name="Suite" finished-at="2022-11-04T18:07:14 IST" duration-ms="77132">
    <groups>
    </groups>
    <test started-at="2022-11-04T18:05:57 IST" name="Test" finished-at="2022-11-04T18:07:14 IST" duration-ms="77132">
      <class name="com.cjc.dws.webApp.tests.BookPageTest">
        <test-method is-config="true" signature="initBookPage()[pri:0, instance:com.cjc.dws.webApp.tests.BookPageTest@710636b0]" started-at="2022-11-04T18:06:42 IST" name="initBookPage" finished-at="2022-11-04T18:06:51 IST" duration-ms="9090" status="PASS">
          <reporter-output>
          </reporter-output>
        </test-method> <!-- initBookPage -->
        <test-method signature="addTheBook()[pri:0, instance:com.cjc.dws.webApp.tests.BookPageTest@710636b0]" started-at="2022-11-04T18:06:51 IST" name="addTheBook" finished-at="2022-11-04T18:06:51 IST" duration-ms="186" status="PASS">
          <reporter-output>
          </reporter-output>
        </test-method> <!-- addTheBook -->
        <test-method is-config="true" signature="tearDownRegistrationPage()[pri:0, instance:com.cjc.dws.webApp.tests.BookPageTest@710636b0]" started-at="2022-11-04T18:06:51 IST" name="tearDownRegistrationPage" finished-at="2022-11-04T18:06:51 IST" duration-ms="4" status="PASS">
          <reporter-output>
          </reporter-output>
        </test-method> <!-- tearDownRegistrationPage -->
        <test-method is-config="true" signature="initBookPage()[pri:0, instance:com.cjc.dws.webApp.tests.BookPageTest@710636b0]" started-at="2022-11-04T18:06:51 IST" name="initBookPage" finished-at="2022-11-04T18:07:00 IST" duration-ms="9526" status="PASS">
          <reporter-output>
          </reporter-output>
        </test-method> <!-- initBookPage -->
        <test-method signature="booksLogoDisplayed()[pri:0, instance:com.cjc.dws.webApp.tests.BookPageTest@710636b0]" started-at="2022-11-04T18:07:00 IST" name="booksLogoDisplayed" finished-at="2022-11-04T18:07:01 IST" duration-ms="73" status="PASS">
          <reporter-output>
          </reporter-output>
        </test-method> <!-- booksLogoDisplayed -->
        <test-method is-config="true" signature="tearDownRegistrationPage()[pri:0, instance:com.cjc.dws.webApp.tests.BookPageTest@710636b0]" started-at="2022-11-04T18:07:01 IST" name="tearDownRegistrationPage" finished-at="2022-11-04T18:07:01 IST" duration-ms="2" status="PASS">
          <reporter-output>
          </reporter-output>
        </test-method> <!-- tearDownRegistrationPage -->
      </class> <!-- com.cjc.dws.webApp.tests.BookPageTest -->
      <class name="com.cjc.dws.webApp.tests.UserHomePageTest">
        <test-method is-config="true" signature="init()[pri:0, instance:com.cjc.dws.webApp.tests.UserHomePageTest@48f278eb]" started-at="2022-11-04T18:05:58 IST" name="init" finished-at="2022-11-04T18:06:11 IST" duration-ms="13382" status="PASS">
          <reporter-output>
          </reporter-output>
        </test-method> <!-- init -->
        <test-method signature="checkDesiredUserLoggedIn()[pri:5, instance:com.cjc.dws.webApp.tests.UserHomePageTest@48f278eb]" started-at="2022-11-04T18:06:11 IST" name="checkDesiredUserLoggedIn" finished-at="2022-11-04T18:06:11 IST" duration-ms="118" status="PASS">
          <reporter-output>
          </reporter-output>
        </test-method> <!-- checkDesiredUserLoggedIn -->
        <test-method is-config="true" signature="tearDownUserHomePage()[pri:0, instance:com.cjc.dws.webApp.tests.UserHomePageTest@48f278eb]" started-at="2022-11-04T18:06:11 IST" name="tearDownUserHomePage" finished-at="2022-11-04T18:06:12 IST" duration-ms="748" status="PASS">
          <reporter-output>
          </reporter-output>
        </test-method> <!-- tearDownUserHomePage -->
      </class> <!-- com.cjc.dws.webApp.tests.UserHomePageTest -->
      <class name="com.cjc.dws.webApp.tests.SignOnTest">
        <test-method is-config="true" signature="init()[pri:0, instance:com.cjc.dws.webApp.tests.SignOnTest@67f639d3]" started-at="2022-11-04T18:06:12 IST" name="init" finished-at="2022-11-04T18:06:17 IST" duration-ms="5373" status="PASS">
          <reporter-output>
          </reporter-output>
        </test-method> <!-- init -->
        <test-method signature="userLogin()[pri:4, instance:com.cjc.dws.webApp.tests.SignOnTest@67f639d3]" started-at="2022-11-04T18:06:17 IST" name="userLogin" finished-at="2022-11-04T18:06:18 IST" duration-ms="1341" status="PASS">
          <reporter-output>
          </reporter-output>
        </test-method> <!-- userLogin -->
        <test-method is-config="true" signature="tearDownSignOnPage()[pri:0, instance:com.cjc.dws.webApp.tests.SignOnTest@67f639d3]" started-at="2022-11-04T18:06:19 IST" name="tearDownSignOnPage" finished-at="2022-11-04T18:06:19 IST" duration-ms="698" status="PASS">
          <reporter-output>
          </reporter-output>
        </test-method> <!-- tearDownSignOnPage -->
      </class> <!-- com.cjc.dws.webApp.tests.SignOnTest -->
      <class name="com.cjc.dws.webApp.tests.HomePageTest">
        <test-method is-config="true" signature="init()[pri:0, instance:com.cjc.dws.webApp.tests.HomePageTest@49049a04]" started-at="2022-11-04T18:06:30 IST" name="init" finished-at="2022-11-04T18:06:35 IST" duration-ms="4632" status="PASS">
          <reporter-output>
          </reporter-output>
        </test-method> <!-- init -->
        <test-method signature="checkLogo()[pri:1, instance:com.cjc.dws.webApp.tests.HomePageTest@49049a04]" started-at="2022-11-04T18:06:35 IST" name="checkLogo" finished-at="2022-11-04T18:06:35 IST" duration-ms="144" status="PASS">
          <reporter-output>
          </reporter-output>
        </test-method> <!-- checkLogo -->
        <test-method is-config="true" signature="tearDownHomePage()[pri:0, instance:com.cjc.dws.webApp.tests.HomePageTest@49049a04]" started-at="2022-11-04T18:06:35 IST" name="tearDownHomePage" finished-at="2022-11-04T18:06:36 IST" duration-ms="738" status="PASS">
          <reporter-output>
          </reporter-output>
        </test-method> <!-- tearDownHomePage -->
        <test-method is-config="true" signature="init()[pri:0, instance:com.cjc.dws.webApp.tests.HomePageTest@49049a04]" started-at="2022-11-04T18:06:36 IST" name="init" finished-at="2022-11-04T18:06:40 IST" duration-ms="4451" status="PASS">
          <reporter-output>
          </reporter-output>
        </test-method> <!-- init -->
        <test-method signature="clickOnLogin()[pri:3, instance:com.cjc.dws.webApp.tests.HomePageTest@49049a04]" started-at="2022-11-04T18:06:40 IST" name="clickOnLogin" finished-at="2022-11-04T18:06:41 IST" duration-ms="827" status="PASS">
          <reporter-output>
          </reporter-output>
        </test-method> <!-- clickOnLogin -->
        <test-method is-config="true" signature="tearDownHomePage()[pri:0, instance:com.cjc.dws.webApp.tests.HomePageTest@49049a04]" started-at="2022-11-04T18:06:41 IST" name="tearDownHomePage" finished-at="2022-11-04T18:06:42 IST" duration-ms="791" status="PASS">
          <reporter-output>
          </reporter-output>
        </test-method> <!-- tearDownHomePage -->
      </class> <!-- com.cjc.dws.webApp.tests.HomePageTest -->
      <class name="com.cjc.dws.webApp.tests.CompleteOrderTest">
        <test-method is-config="true" signature="initBookPage()[pri:0, instance:com.cjc.dws.webApp.tests.CompleteOrderTest@4e5ed836]" started-at="2022-11-04T18:07:01 IST" name="initBookPage" finished-at="2022-11-04T18:07:10 IST" duration-ms="9213" status="PASS">
          <reporter-output>
          </reporter-output>
        </test-method> <!-- initBookPage -->
        <test-method signature="orderTest()[pri:0, instance:com.cjc.dws.webApp.tests.CompleteOrderTest@4e5ed836]" started-at="2022-11-04T18:07:10 IST" name="orderTest" finished-at="2022-11-04T18:07:14 IST" duration-ms="4636" status="FAIL">
          <exception class="org.openqa.selenium.ElementClickInterceptedException">
            <message>
              <![CDATA[element click intercepted: Element <span class="cart-label">...</span> is not clickable at point (999, 7). Other element would receive the click: <div id="bar-notification" class="bar-notification success" style="display: block;">...</div>
  (Session info: chrome=107.0.5304.88)
Build info: version: '4.4.0', revision: 'e5c75ed026a'
System info: host: 'DESKTOP-H9JGRTT', ip: '192.168.1.143', os.name: 'Windows 10', os.arch: 'amd64', os.version: '10.0', java.version: '11.0.15.1'
Driver info: org.openqa.selenium.chrome.ChromeDriver
Command: [448b324b2aedbf500ac88858c44ff737, clickElement {id=83f6d0bf-6f5c-4d73-a5c5-7bd7fe29ebe8}]
Capabilities {acceptInsecureCerts: false, browserName: chrome, browserVersion: 107.0.5304.88, chrome: {chromedriverVersion: 107.0.5304.62 (1eec40d3a576..., userDataDir: C:\Users\Savi\AppData\Local...}, goog:chromeOptions: {debuggerAddress: localhost:64169}, networkConnectionEnabled: false, pageLoadStrategy: normal, platformName: WINDOWS, proxy: Proxy(), se:cdp: ws://localhost:64169/devtoo..., se:cdpVersion: 107.0.5304.88, setWindowRect: true, strictFileInteractability: false, timeouts: {implicit: 0, pageLoad: 300000, script: 30000}, unhandledPromptBehavior: dismiss and notify, webauthn:extension:credBlob: true, webauthn:extension:largeBlob: true, webauthn:virtualAuthenticators: true}
Element: [[ChromeDriver: chrome on WINDOWS (448b324b2aedbf500ac88858c44ff737)] -> xpath: //*[@id="topcartlink"]/a/span[1]]
Session ID: 448b324b2aedbf500ac88858c44ff737]]>
            </message>
            <full-stacktrace>
              <![CDATA[org.openqa.selenium.ElementClickInterceptedException: element click intercepted: Element <span class="cart-label">...</span> is not clickable at point (999, 7). Other element would receive the click: <div id="bar-notification" class="bar-notification success" style="display: block;">...</div>
  (Session info: chrome=107.0.5304.88)
Build info: version: '4.4.0', revision: 'e5c75ed026a'
System info: host: 'DESKTOP-H9JGRTT', ip: '192.168.1.143', os.name: 'Windows 10', os.arch: 'amd64', os.version: '10.0', java.version: '11.0.15.1'
Driver info: org.openqa.selenium.chrome.ChromeDriver
Command: [448b324b2aedbf500ac88858c44ff737, clickElement {id=83f6d0bf-6f5c-4d73-a5c5-7bd7fe29ebe8}]
Capabilities {acceptInsecureCerts: false, browserName: chrome, browserVersion: 107.0.5304.88, chrome: {chromedriverVersion: 107.0.5304.62 (1eec40d3a576..., userDataDir: C:\Users\Savi\AppData\Local...}, goog:chromeOptions: {debuggerAddress: localhost:64169}, networkConnectionEnabled: false, pageLoadStrategy: normal, platformName: WINDOWS, proxy: Proxy(), se:cdp: ws://localhost:64169/devtoo..., se:cdpVersion: 107.0.5304.88, setWindowRect: true, strictFileInteractability: false, timeouts: {implicit: 0, pageLoad: 300000, script: 30000}, unhandledPromptBehavior: dismiss and notify, webauthn:extension:credBlob: true, webauthn:extension:largeBlob: true, webauthn:virtualAuthenticators: true}
Element: [[ChromeDriver: chrome on WINDOWS (448b324b2aedbf500ac88858c44ff737)] -> xpath: //*[@id="topcartlink"]/a/span[1]]
Session ID: 448b324b2aedbf500ac88858c44ff737
at java.base/jdk.internal.reflect.NativeConstructorAccessorImpl.newInstance0(Native Method)
at java.base/jdk.internal.reflect.NativeConstructorAccessorImpl.newInstance(NativeConstructorAccessorImpl.java:62)
at java.base/jdk.internal.reflect.DelegatingConstructorAccessorImpl.newInstance(DelegatingConstructorAccessorImpl.java:45)
at java.base/java.lang.reflect.Constructor.newInstance(Constructor.java:490)
at org.openqa.selenium.remote.codec.w3c.W3CHttpResponseCodec.createException(W3CHttpResponseCodec.java:200)
at org.openqa.selenium.remote.codec.w3c.W3CHttpResponseCodec.decode(W3CHttpResponseCodec.java:133)
at org.openqa.selenium.remote.codec.w3c.W3CHttpResponseCodec.decode(W3CHttpResponseCodec.java:53)
at org.openqa.selenium.remote.HttpCommandExecutor.execute(HttpCommandExecutor.java:184)
at org.openqa.selenium.remote.service.DriverCommandExecutor.invokeExecute(DriverCommandExecutor.java:167)
at org.openqa.selenium.remote.service.DriverCommandExecutor.execute(DriverCommandExecutor.java:142)
at org.openqa.selenium.remote.RemoteWebDriver.execute(RemoteWebDriver.java:547)
at org.openqa.selenium.remote.RemoteWebElement.execute(RemoteWebElement.java:257)
at org.openqa.selenium.remote.RemoteWebElement.click(RemoteWebElement.java:78)
at jdk.internal.reflect.GeneratedMethodAccessor1.invoke(Unknown Source)
at java.base/jdk.internal.reflect.DelegatingMethodAccessorImpl.invoke(DelegatingMethodAccessorImpl.java:43)
at java.base/java.lang.reflect.Method.invoke(Method.java:566)
at org.openqa.selenium.support.pagefactory.internal.LocatingElementHandler.invoke(LocatingElementHandler.java:52)
at com.sun.proxy.$Proxy17.click(Unknown Source)
at com.cjc.dws.webApp.pages.UserHomePage.clickOnShoppingCart(UserHomePage.java:51)
at com.cjc.dws.webApp.tests.CompleteOrderTest.orderTest(CompleteOrderTest.java:57)
at java.base/jdk.internal.reflect.NativeMethodAccessorImpl.invoke0(Native Method)
at java.base/jdk.internal.reflect.NativeMethodAccessorImpl.invoke(NativeMethodAccessorImpl.java:62)
at java.base/jdk.internal.reflect.DelegatingMethodAccessorImpl.invoke(DelegatingMethodAccessorImpl.java:43)
at java.base/java.lang.reflect.Method.invoke(Method.java:566)
at org.testng.internal.MethodInvocationHelper.invokeMethod(MethodInvocationHelper.java:133)
at org.testng.internal.TestInvoker.invokeMethod(TestInvoker.java:598)
at org.testng.internal.TestInvoker.invokeTestMethod(TestInvoker.java:173)
at org.testng.internal.MethodRunner.runInSequence(MethodRunner.java:46)
at org.testng.internal.TestInvoker$MethodInvocationAgent.invoke(TestInvoker.java:824)
at org.testng.internal.TestInvoker.invokeTestMethods(TestInvoker.java:146)
at org.testng.internal.TestMethodWorker.invokeTestMethods(TestMethodWorker.java:146)
at org.testng.internal.TestMethodWorker.run(TestMethodWorker.java:128)
at java.base/java.util.ArrayList.forEach(ArrayList.java:1541)
at org.testng.TestRunner.privateRun(TestRunner.java:794)
at org.testng.TestRunner.run(TestRunner.java:596)
at org.testng.SuiteRunner.runTest(SuiteRunner.java:377)
at org.testng.SuiteRunner.runSequentially(SuiteRunner.java:371)
at org.testng.SuiteRunner.privateRun(SuiteRunner.java:332)
at org.testng.SuiteRunner.run(SuiteRunner.java:276)
at org.testng.SuiteRunnerWorker.runSuite(SuiteRunnerWorker.java:53)
at org.testng.SuiteRunnerWorker.run(SuiteRunnerWorker.java:96)
at org.testng.TestNG.runSuitesSequentially(TestNG.java:1212)
at org.testng.TestNG.runSuitesLocally(TestNG.java:1134)
at org.testng.TestNG.runSuites(TestNG.java:1063)
at org.testng.TestNG.run(TestNG.java:1031)
at org.testng.remote.AbstractRemoteTestNG.run(AbstractRemoteTestNG.java:115)
at org.testng.remote.RemoteTestNG.initAndRun(RemoteTestNG.java:251)
at org.testng.remote.RemoteTestNG.main(RemoteTestNG.java:77)
]]>
            </full-stacktrace>
          </exception> <!-- org.openqa.selenium.ElementClickInterceptedException -->
          <reporter-output>
          </reporter-output>
        </test-method> <!-- orderTest -->
        <test-method is-config="true" signature="tearDownRegistrationPage()[pri:0, instance:com.cjc.dws.webApp.tests.CompleteOrderTest@4e5ed836]" started-at="2022-11-04T18:07:14 IST" name="tearDownRegistrationPage" finished-at="2022-11-04T18:07:14 IST" duration-ms="1" status="PASS">
          <reporter-output>
          </reporter-output>
        </test-method> <!-- tearDownRegistrationPage -->
      </class> <!-- com.cjc.dws.webApp.tests.CompleteOrderTest -->
      <class name="com.cjc.dws.webApp.tests.RegistrationPageTest">
        <test-method is-config="true" signature="init()[pri:0, instance:com.cjc.dws.webApp.tests.RegistrationPageTest@6253c26]" started-at="2022-11-04T18:06:21 IST" name="init" finished-at="2022-11-04T18:06:27 IST" duration-ms="6301" status="PASS">
          <reporter-output>
          </reporter-output>
        </test-method> <!-- init -->
        <test-method signature="gettingRegister(org.apache.poi.ss.usermodel.Row)[pri:2, instance:com.cjc.dws.webApp.tests.RegistrationPageTest@6253c26]" started-at="2022-11-04T18:06:27 IST" name="gettingRegister" data-provider="RegistrationData" finished-at="2022-11-04T18:06:29 IST" duration-ms="2378" status="FAIL">
          <params>
            <param index="0">
              <value>
                <![CDATA[<xml-fragment r="1" spans="1:6" x14ac:dyDescent="0.25" xmlns:r="http://schemas.openxmlformats.org/officeDocument/2006/relationships" xmlns:mc="http://schemas.openxmlformats.org/markup-compatibility/2006" xmlns:x14ac="http://schemas.microsoft.com/office/spreadsheetml/2009/9/ac" xmlns:main="http://schemas.openxmlformats.org/spreadsheetml/2006/main">
  <main:c r="A1" t="s">
    <main:v>0</main:v>
  </main:c>
  <main:c r="B1" t="s">
    <main:v>1</main:v>
  </main:c>
  <main:c r="C1" t="s">
    <main:v>2</main:v>
  </main:c>
  <main:c r="D1" t="s">
    <main:v>3</main:v>
  </main:c>
  <main:c r="E1" t="s">
    <main:v>4</main:v>
  </main:c>
  <main:c r="F1" t="s">
    <main:v>4</main:v>
  </main:c>
</xml-fragment>]]>
              </value>
            </param>
          </params>
          <exception class="java.lang.AssertionError">
            <message>
              <![CDATA[expected [true] but found [false]]]>
            </message>
            <full-stacktrace>
              <![CDATA[java.lang.AssertionError: expected [true] but found [false]
at org.testng.Assert.fail(Assert.java:99)
at org.testng.Assert.failNotEquals(Assert.java:1037)
at org.testng.Assert.assertEqualsImpl(Assert.java:140)
at org.testng.Assert.assertEquals(Assert.java:122)
at org.testng.Assert.assertEquals(Assert.java:819)
at org.testng.Assert.assertEquals(Assert.java:829)
at com.cjc.dws.webApp.tests.RegistrationPageTest.gettingRegister(RegistrationPageTest.java:67)
at java.base/jdk.internal.reflect.NativeMethodAccessorImpl.invoke0(Native Method)
at java.base/jdk.internal.reflect.NativeMethodAccessorImpl.invoke(NativeMethodAccessorImpl.java:62)
at java.base/jdk.internal.reflect.DelegatingMethodAccessorImpl.invoke(DelegatingMethodAccessorImpl.java:43)
at java.base/java.lang.reflect.Method.invoke(Method.java:566)
at org.testng.internal.MethodInvocationHelper.invokeMethod(MethodInvocationHelper.java:133)
at org.testng.internal.TestInvoker.invokeMethod(TestInvoker.java:598)
at org.testng.internal.TestInvoker.invokeTestMethod(TestInvoker.java:173)
at org.testng.internal.MethodRunner.runInSequence(MethodRunner.java:46)
at org.testng.internal.TestInvoker$MethodInvocationAgent.invoke(TestInvoker.java:824)
at org.testng.internal.TestInvoker.invokeTestMethods(TestInvoker.java:146)
at org.testng.internal.TestMethodWorker.invokeTestMethods(TestMethodWorker.java:146)
at org.testng.internal.TestMethodWorker.run(TestMethodWorker.java:128)
at java.base/java.util.ArrayList.forEach(ArrayList.java:1541)
at org.testng.TestRunner.privateRun(TestRunner.java:794)
at org.testng.TestRunner.run(TestRunner.java:596)
at org.testng.SuiteRunner.runTest(SuiteRunner.java:377)
at org.testng.SuiteRunner.runSequentially(SuiteRunner.java:371)
at org.testng.SuiteRunner.privateRun(SuiteRunner.java:332)
at org.testng.SuiteRunner.run(SuiteRunner.java:276)
at org.testng.SuiteRunnerWorker.runSuite(SuiteRunnerWorker.java:53)
at org.testng.SuiteRunnerWorker.run(SuiteRunnerWorker.java:96)
at org.testng.TestNG.runSuitesSequentially(TestNG.java:1212)
at org.testng.TestNG.runSuitesLocally(TestNG.java:1134)
at org.testng.TestNG.runSuites(TestNG.java:1063)
at org.testng.TestNG.run(TestNG.java:1031)
at org.testng.remote.AbstractRemoteTestNG.run(AbstractRemoteTestNG.java:115)
at org.testng.remote.RemoteTestNG.initAndRun(RemoteTestNG.java:251)
at org.testng.remote.RemoteTestNG.main(RemoteTestNG.java:77)
]]>
            </full-stacktrace>
          </exception> <!-- java.lang.AssertionError -->
          <reporter-output>
          </reporter-output>
        </test-method> <!-- gettingRegister -->
        <test-method is-config="true" signature="tearDownRegistrationPage()[pri:0, instance:com.cjc.dws.webApp.tests.RegistrationPageTest@6253c26]" started-at="2022-11-04T18:06:29 IST" name="tearDownRegistrationPage" finished-at="2022-11-04T18:06:30 IST" duration-ms="775" status="PASS">
          <reporter-output>
          </reporter-output>
        </test-method> <!-- tearDownRegistrationPage -->
      </class> <!-- com.cjc.dws.webApp.tests.RegistrationPageTest -->
    </test> <!-- Test -->
  </suite> <!-- Suite -->
</testng-results>
